{"D:\\Proyectos Programacion\\FullStackOpenExercises\\part5\\bloglist-frontend\\src\\components\\Blog.jsx": {"path":"D:\\Proyectos Programacion\\FullStackOpenExercises\\part5\\bloglist-frontend\\src\\components\\Blog.jsx","statementMap":{"0":{"start":{"line":2,"column":13},"end":{"line":58,"column":null}},"1":{"start":{"line":4,"column":22},"end":{"line":4,"column":null}},"2":{"start":{"line":6,"column":24},"end":{"line":8,"column":null}},"3":{"start":{"line":7,"column":4},"end":{"line":7,"column":null}},"4":{"start":{"line":10,"column":18},"end":{"line":13,"column":null}},"5":{"start":{"line":11,"column":4},"end":{"line":11,"column":null}},"6":{"start":{"line":12,"column":4},"end":{"line":12,"column":null}},"7":{"start":{"line":15,"column":19},"end":{"line":20,"column":null}},"8":{"start":{"line":16,"column":20},"end":{"line":16,"column":null}},"9":{"start":{"line":17,"column":4},"end":{"line":19,"column":null}},"10":{"start":{"line":18,"column":6},"end":{"line":18,"column":null}},"11":{"start":{"line":22,"column":23},"end":{"line":31,"column":null}},"12":{"start":{"line":23,"column":27},"end":{"line":26,"column":null}},"13":{"start":{"line":27,"column":4},"end":{"line":29,"column":null}},"14":{"start":{"line":28,"column":6},"end":{"line":28,"column":null}},"15":{"start":{"line":28,"column":65},"end":{"line":28,"column":81}},"16":{"start":{"line":30,"column":4},"end":{"line":30,"column":null}},"17":{"start":{"line":33,"column":24},"end":{"line":40,"column":null}},"18":{"start":{"line":34,"column":4},"end":{"line":39,"column":null}},"19":{"start":{"line":36,"column":47},"end":{"line":36,"column":62}},"20":{"start":{"line":42,"column":20},"end":{"line":48,"column":null}},"21":{"start":{"line":49,"column":2},"end":{"line":56,"column":null}}},"fnMap":{"0":{"name":"(anonymous_0)","decl":{"start":{"line":2,"column":13},"end":{"line":2,"column":14}},"loc":{"start":{"line":2,"column":66},"end":{"line":58,"column":null}},"line":2},"1":{"name":"(anonymous_1)","decl":{"start":{"line":6,"column":24},"end":{"line":6,"column":30}},"loc":{"start":{"line":6,"column":30},"end":{"line":8,"column":null}},"line":6},"2":{"name":"(anonymous_2)","decl":{"start":{"line":10,"column":18},"end":{"line":10,"column":19}},"loc":{"start":{"line":10,"column":28},"end":{"line":13,"column":null}},"line":10},"3":{"name":"(anonymous_3)","decl":{"start":{"line":15,"column":19},"end":{"line":15,"column":26}},"loc":{"start":{"line":15,"column":35},"end":{"line":20,"column":null}},"line":15},"4":{"name":"(anonymous_4)","decl":{"start":{"line":22,"column":23},"end":{"line":22,"column":24}},"loc":{"start":{"line":22,"column":33},"end":{"line":31,"column":null}},"line":22},"5":{"name":"(anonymous_5)","decl":{"start":{"line":28,"column":59},"end":{"line":28,"column":65}},"loc":{"start":{"line":28,"column":65},"end":{"line":28,"column":81}},"line":28},"6":{"name":"(anonymous_6)","decl":{"start":{"line":33,"column":24},"end":{"line":33,"column":25}},"loc":{"start":{"line":33,"column":34},"end":{"line":40,"column":null}},"line":33},"7":{"name":"(anonymous_7)","decl":{"start":{"line":36,"column":41},"end":{"line":36,"column":47}},"loc":{"start":{"line":36,"column":47},"end":{"line":36,"column":62}},"line":36}},"branchMap":{"0":{"loc":{"start":{"line":17,"column":4},"end":{"line":19,"column":null}},"type":"if","locations":[{"start":{"line":17,"column":4},"end":{"line":19,"column":null}},{"start":{},"end":{}}],"line":17},"1":{"loc":{"start":{"line":27,"column":4},"end":{"line":29,"column":null}},"type":"if","locations":[{"start":{"line":27,"column":4},"end":{"line":29,"column":null}},{"start":{},"end":{}}],"line":27},"2":{"loc":{"start":{"line":52,"column":68},"end":{"line":52,"column":91}},"type":"cond-expr","locations":[{"start":{"line":52,"column":75},"end":{"line":52,"column":84}},{"start":{"line":52,"column":84},"end":{"line":52,"column":91}}],"line":52},"3":{"loc":{"start":{"line":54,"column":7},"end":{"line":54,"column":null}},"type":"binary-expr","locations":[{"start":{"line":54,"column":7},"end":{"line":54,"column":15}},{"start":{"line":54,"column":15},"end":{"line":54,"column":null}}],"line":54}},"s":{"0":1,"1":5,"2":5,"3":2,"4":5,"5":2,"6":2,"7":5,"8":0,"9":0,"10":0,"11":5,"12":2,"13":2,"14":2,"15":0,"16":0,"17":5,"18":2,"19":2,"20":5,"21":5},"f":{"0":5,"1":2,"2":2,"3":0,"4":2,"5":0,"6":2,"7":2},"b":{"0":[0,0],"1":[2,0],"2":[2,3],"3":[5,2]},"meta":{"lastBranch":4,"lastFunction":8,"lastStatement":22,"seen":{"s:2:13:58:Infinity":0,"f:2:13:2:14":0,"s:4:22:4:Infinity":1,"s:6:24:8:Infinity":2,"f:6:24:6:30":1,"s:7:4:7:Infinity":3,"s:10:18:13:Infinity":4,"f:10:18:10:19":2,"s:11:4:11:Infinity":5,"s:12:4:12:Infinity":6,"s:15:19:20:Infinity":7,"f:15:19:15:26":3,"s:16:20:16:Infinity":8,"b:17:4:19:Infinity:undefined:undefined:undefined:undefined":0,"s:17:4:19:Infinity":9,"s:18:6:18:Infinity":10,"s:22:23:31:Infinity":11,"f:22:23:22:24":4,"s:23:27:26:Infinity":12,"b:27:4:29:Infinity:undefined:undefined:undefined:undefined":1,"s:27:4:29:Infinity":13,"s:28:6:28:Infinity":14,"f:28:59:28:65":5,"s:28:65:28:81":15,"s:30:4:30:Infinity":16,"s:33:24:40:Infinity":17,"f:33:24:33:25":6,"s:34:4:39:Infinity":18,"f:36:41:36:47":7,"s:36:47:36:62":19,"s:42:20:48:Infinity":20,"s:49:2:56:Infinity":21,"b:52:75:52:84:52:84:52:91":2,"b:54:7:54:15:54:15:54:Infinity":3}}}
}
